build/app/intermediates/manifest_merge_blame_file/release/manifest-merger-blame-release-report.txt
1<?xml version="1.0" encoding="utf-8"?>
2<manifest xmlns:android="http://schemas.android.com/apk/res/android"
3    package="com.example.myapp"
4    android:versionCode="1"
5    android:versionName="1.0.0" >
6
7    <uses-sdk
8        android:minSdkVersion="21"
9        android:targetSdkVersion="34" />
10
11    <uses-permission android:name="android.permission.INTERNET" />
11-->src/main/AndroidManifest.xml:2:5-66
11-->src/main/AndroidManifest.xml:2:22-64
12    <uses-permission android:name="android.permission.ACCESS_NETWORK_STATE" />
12-->src/main/AndroidManifest.xml:3:5-78
12-->src/main/AndroidManifest.xml:3:22-76
13    <uses-permission android:name="android.permission.ACCESS_FINE_LOCATION" />
13-->src/main/AndroidManifest.xml:4:5-79
13-->src/main/AndroidManifest.xml:4:22-76
14    <uses-permission android:name="android.permission.ACCESS_COARSE_LOCATION" />
14-->src/main/AndroidManifest.xml:5:5-81
14-->src/main/AndroidManifest.xml:5:22-78
15    <!--
16         Required to query activities that can process text, see:
17         https://developer.android.com/training/package-visibility and
18         https://developer.android.com/reference/android/content/Intent#ACTION_PROCESS_TEXT.
19
20         In particular, this is used by the Flutter engine in io.flutter.plugin.text.ProcessTextPlugin.
21    -->
22    <queries>
22-->src/main/AndroidManifest.xml:44:5-49:15
23        <intent>
23-->src/main/AndroidManifest.xml:45:9-48:18
24            <action android:name="android.intent.action.PROCESS_TEXT" />
24-->src/main/AndroidManifest.xml:46:13-72
24-->src/main/AndroidManifest.xml:46:21-70
25
26            <data android:mimeType="text/plain" />
26-->src/main/AndroidManifest.xml:47:13-50
26-->src/main/AndroidManifest.xml:47:19-48
27        </intent>
28    </queries>
29
30    <permission
30-->[androidx.core:core:1.13.1] AndroidManifest.xml:22:5-24:47
31        android:name="com.example.myapp.DYNAMIC_RECEIVER_NOT_EXPORTED_PERMISSION"
31-->[androidx.core:core:1.13.1] AndroidManifest.xml:23:9-81
32        android:protectionLevel="signature" />
32-->[androidx.core:core:1.13.1] AndroidManifest.xml:24:9-44
33
34    <uses-permission android:name="com.example.myapp.DYNAMIC_RECEIVER_NOT_EXPORTED_PERMISSION" />
34-->[androidx.core:core:1.13.1] AndroidManifest.xml:26:5-97
34-->[androidx.core:core:1.13.1] AndroidManifest.xml:26:22-94
35
36    <application
37        android:name="android.app.Application"
37-->src/main/AndroidManifest.xml:9:9-42
38        android:appComponentFactory="androidx.core.app.CoreComponentFactory"
38-->[androidx.core:core:1.13.1] AndroidManifest.xml:28:18-86
39        android:extractNativeLibs="true"
40        android:icon="@mipmap/ic_launcher"
40-->src/main/AndroidManifest.xml:10:9-43
41        android:label="Farmwisely"
41-->src/main/AndroidManifest.xml:8:9-35
42        android:networkSecurityConfig="@xml/network_security_config" >
42-->src/main/AndroidManifest.xml:7:9-69
43        <activity
43-->src/main/AndroidManifest.xml:11:9-32:20
44            android:name="com.example.myapp.MainActivity"
44-->src/main/AndroidManifest.xml:12:13-41
45            android:configChanges="orientation|keyboardHidden|keyboard|screenSize|smallestScreenSize|locale|layoutDirection|fontScale|screenLayout|density|uiMode"
45-->src/main/AndroidManifest.xml:17:13-163
46            android:exported="true"
46-->src/main/AndroidManifest.xml:13:13-36
47            android:hardwareAccelerated="true"
47-->src/main/AndroidManifest.xml:18:13-47
48            android:launchMode="singleTop"
48-->src/main/AndroidManifest.xml:14:13-43
49            android:taskAffinity=""
49-->src/main/AndroidManifest.xml:15:13-36
50            android:theme="@style/LaunchTheme"
50-->src/main/AndroidManifest.xml:16:13-47
51            android:windowSoftInputMode="adjustResize" >
51-->src/main/AndroidManifest.xml:19:13-55
52
53            <!--
54                 Specifies an Android theme to apply to this Activity as soon as
55                 the Android process has started. This theme is visible to the user
56                 while the Flutter UI initializes. After that, this theme continues
57                 to determine the Window background behind the Flutter UI.
58            -->
59            <meta-data
59-->src/main/AndroidManifest.xml:24:13-27:17
60                android:name="io.flutter.embedding.android.NormalTheme"
60-->src/main/AndroidManifest.xml:25:15-70
61                android:resource="@style/NormalTheme" />
61-->src/main/AndroidManifest.xml:26:15-52
62
63            <intent-filter>
63-->src/main/AndroidManifest.xml:28:13-31:29
64                <action android:name="android.intent.action.MAIN" />
64-->src/main/AndroidManifest.xml:29:17-68
64-->src/main/AndroidManifest.xml:29:25-66
65
66                <category android:name="android.intent.category.LAUNCHER" />
66-->src/main/AndroidManifest.xml:30:17-76
66-->src/main/AndroidManifest.xml:30:27-74
67            </intent-filter>
68        </activity>
69        <!--
70             Don't delete the meta-data below.
71             This is used by the Flutter tool to generate GeneratedPluginRegistrant.java
72        -->
73        <meta-data
73-->src/main/AndroidManifest.xml:35:9-37:33
74            android:name="flutterEmbedding"
74-->src/main/AndroidManifest.xml:36:13-44
75            android:value="2" />
75-->src/main/AndroidManifest.xml:37:13-30
76
77        <provider
77-->[:image_picker_android] AndroidManifest.xml:9:9-17:20
78            android:name="io.flutter.plugins.imagepicker.ImagePickerFileProvider"
78-->[:image_picker_android] AndroidManifest.xml:10:13-82
79            android:authorities="com.example.myapp.flutter.image_provider"
79-->[:image_picker_android] AndroidManifest.xml:11:13-74
80            android:exported="false"
80-->[:image_picker_android] AndroidManifest.xml:12:13-37
81            android:grantUriPermissions="true" >
81-->[:image_picker_android] AndroidManifest.xml:13:13-47
82            <meta-data
82-->[:image_picker_android] AndroidManifest.xml:14:13-16:75
83                android:name="android.support.FILE_PROVIDER_PATHS"
83-->[:image_picker_android] AndroidManifest.xml:15:17-67
84                android:resource="@xml/flutter_image_picker_file_paths" />
84-->[:image_picker_android] AndroidManifest.xml:16:17-72
85        </provider> <!-- Trigger Google Play services to install the backported photo picker module. -->
86        <service
86-->[:image_picker_android] AndroidManifest.xml:19:9-31:19
87            android:name="com.google.android.gms.metadata.ModuleDependencies"
87-->[:image_picker_android] AndroidManifest.xml:20:13-78
88            android:enabled="false"
88-->[:image_picker_android] AndroidManifest.xml:21:13-36
89            android:exported="false" >
89-->[:image_picker_android] AndroidManifest.xml:22:13-37
90            <intent-filter>
90-->[:image_picker_android] AndroidManifest.xml:24:13-26:29
91                <action android:name="com.google.android.gms.metadata.MODULE_DEPENDENCIES" />
91-->[:image_picker_android] AndroidManifest.xml:25:17-94
91-->[:image_picker_android] AndroidManifest.xml:25:25-91
92            </intent-filter>
93
94            <meta-data
94-->[:image_picker_android] AndroidManifest.xml:28:13-30:36
95                android:name="photopicker_activity:0:required"
95-->[:image_picker_android] AndroidManifest.xml:29:17-63
96                android:value="" />
96-->[:image_picker_android] AndroidManifest.xml:30:17-33
97        </service>
98        <service
98-->[:geolocator_android] AndroidManifest.xml:8:9-12:56
99            android:name="com.baseflow.geolocator.GeolocatorLocationService"
99-->[:geolocator_android] AndroidManifest.xml:9:13-77
100            android:enabled="true"
100-->[:geolocator_android] AndroidManifest.xml:10:13-35
101            android:exported="false"
101-->[:geolocator_android] AndroidManifest.xml:11:13-37
102            android:foregroundServiceType="location" />
102-->[:geolocator_android] AndroidManifest.xml:12:13-53
103
104        <activity
104-->[com.google.android.gms:play-services-base:18.3.0] AndroidManifest.xml:20:9-22:45
105            android:name="com.google.android.gms.common.api.GoogleApiActivity"
105-->[com.google.android.gms:play-services-base:18.3.0] AndroidManifest.xml:20:19-85
106            android:exported="false"
106-->[com.google.android.gms:play-services-base:18.3.0] AndroidManifest.xml:22:19-43
107            android:theme="@android:style/Theme.Translucent.NoTitleBar" />
107-->[com.google.android.gms:play-services-base:18.3.0] AndroidManifest.xml:21:19-78
108
109        <meta-data
109-->[com.google.android.gms:play-services-basement:18.3.0] AndroidManifest.xml:21:9-23:69
110            android:name="com.google.android.gms.version"
110-->[com.google.android.gms:play-services-basement:18.3.0] AndroidManifest.xml:22:13-58
111            android:value="@integer/google_play_services_version" />
111-->[com.google.android.gms:play-services-basement:18.3.0] AndroidManifest.xml:23:13-66
112
113        <uses-library
113-->[androidx.window:window:1.2.0] AndroidManifest.xml:23:9-25:40
114            android:name="androidx.window.extensions"
114-->[androidx.window:window:1.2.0] AndroidManifest.xml:24:13-54
115            android:required="false" />
115-->[androidx.window:window:1.2.0] AndroidManifest.xml:25:13-37
116        <uses-library
116-->[androidx.window:window:1.2.0] AndroidManifest.xml:26:9-28:40
117            android:name="androidx.window.sidecar"
117-->[androidx.window:window:1.2.0] AndroidManifest.xml:27:13-51
118            android:required="false" />
118-->[androidx.window:window:1.2.0] AndroidManifest.xml:28:13-37
119
120        <provider
120-->[androidx.lifecycle:lifecycle-process:2.7.0] AndroidManifest.xml:24:9-32:20
121            android:name="androidx.startup.InitializationProvider"
121-->[androidx.lifecycle:lifecycle-process:2.7.0] AndroidManifest.xml:25:13-67
122            android:authorities="com.example.myapp.androidx-startup"
122-->[androidx.lifecycle:lifecycle-process:2.7.0] AndroidManifest.xml:26:13-68
123            android:exported="false" >
123-->[androidx.lifecycle:lifecycle-process:2.7.0] AndroidManifest.xml:27:13-37
124            <meta-data
124-->[androidx.lifecycle:lifecycle-process:2.7.0] AndroidManifest.xml:29:13-31:52
125                android:name="androidx.lifecycle.ProcessLifecycleInitializer"
125-->[androidx.lifecycle:lifecycle-process:2.7.0] AndroidManifest.xml:30:17-78
126                android:value="androidx.startup" />
126-->[androidx.lifecycle:lifecycle-process:2.7.0] AndroidManifest.xml:31:17-49
127            <meta-data
127-->[androidx.profileinstaller:profileinstaller:1.3.1] AndroidManifest.xml:29:13-31:52
128                android:name="androidx.profileinstaller.ProfileInstallerInitializer"
128-->[androidx.profileinstaller:profileinstaller:1.3.1] AndroidManifest.xml:30:17-85
129                android:value="androidx.startup" />
129-->[androidx.profileinstaller:profileinstaller:1.3.1] AndroidManifest.xml:31:17-49
130        </provider>
131
132        <receiver
132-->[androidx.profileinstaller:profileinstaller:1.3.1] AndroidManifest.xml:34:9-52:20
133            android:name="androidx.profileinstaller.ProfileInstallReceiver"
133-->[androidx.profileinstaller:profileinstaller:1.3.1] AndroidManifest.xml:35:13-76
134            android:directBootAware="false"
134-->[androidx.profileinstaller:profileinstaller:1.3.1] AndroidManifest.xml:36:13-44
135            android:enabled="true"
135-->[androidx.profileinstaller:profileinstaller:1.3.1] AndroidManifest.xml:37:13-35
136            android:exported="true"
136-->[androidx.profileinstaller:profileinstaller:1.3.1] AndroidManifest.xml:38:13-36
137            android:permission="android.permission.DUMP" >
137-->[androidx.profileinstaller:profileinstaller:1.3.1] AndroidManifest.xml:39:13-57
138            <intent-filter>
138-->[androidx.profileinstaller:profileinstaller:1.3.1] AndroidManifest.xml:40:13-42:29
139                <action android:name="androidx.profileinstaller.action.INSTALL_PROFILE" />
139-->[androidx.profileinstaller:profileinstaller:1.3.1] AndroidManifest.xml:41:17-91
139-->[androidx.profileinstaller:profileinstaller:1.3.1] AndroidManifest.xml:41:25-88
140            </intent-filter>
141            <intent-filter>
141-->[androidx.profileinstaller:profileinstaller:1.3.1] AndroidManifest.xml:43:13-45:29
142                <action android:name="androidx.profileinstaller.action.SKIP_FILE" />
142-->[androidx.profileinstaller:profileinstaller:1.3.1] AndroidManifest.xml:44:17-85
142-->[androidx.profileinstaller:profileinstaller:1.3.1] AndroidManifest.xml:44:25-82
143            </intent-filter>
144            <intent-filter>
144-->[androidx.profileinstaller:profileinstaller:1.3.1] AndroidManifest.xml:46:13-48:29
145                <action android:name="androidx.profileinstaller.action.SAVE_PROFILE" />
145-->[androidx.profileinstaller:profileinstaller:1.3.1] AndroidManifest.xml:47:17-88
145-->[androidx.profileinstaller:profileinstaller:1.3.1] AndroidManifest.xml:47:25-85
146            </intent-filter>
147            <intent-filter>
147-->[androidx.profileinstaller:profileinstaller:1.3.1] AndroidManifest.xml:49:13-51:29
148                <action android:name="androidx.profileinstaller.action.BENCHMARK_OPERATION" />
148-->[androidx.profileinstaller:profileinstaller:1.3.1] AndroidManifest.xml:50:17-95
148-->[androidx.profileinstaller:profileinstaller:1.3.1] AndroidManifest.xml:50:25-92
149            </intent-filter>
150        </receiver>
151    </application>
152
153</manifest>